<?xml version="1.0" encoding="UTF-8"?>
<!-- Generated by org.testng.reporters.JUnitXMLReporter -->
<testsuite ignored="1" hostname="Hari-728" failures="0" tests="2" name="Test" time="8.392" errors="0" timestamp="2026-01-02T22:07:23 IST">
  <testcase classname="testCases.TC001_AccountRegistration" name="verify_account_registration" time="1.859"/>
  <testcase classname="testCases.TC002_LoginTest" name="verify_Login" time="1.168"/>
  <testcase classname="testCases.TC003_LoginDataDrivenTest" name="verify_LoginDataDrivenTest" time="0.0">
    <ignored/>
  </testcase> <!-- verify_LoginDataDrivenTest -->
</testsuite> <!-- Test -->
